Jan 29, 2016 2:02:18 AM org.apache.catalina.core.StandardWrapperValve invoke
SEVERE: Servlet.service() for servlet [CreateControllerKorisnik] in context with path [/IspitniProjekat] threw exception
javax.ejb.EJBTransactionRolledbackException: Transaction was rolled back, presumably because setRollbackOnly was called during a synchronization
	at org.apache.openejb.core.ivm.BaseEjbProxyHandler.convertException(BaseEjbProxyHandler.java:345)
	at org.apache.openejb.core.ivm.BaseEjbProxyHandler.invoke(BaseEjbProxyHandler.java:283)
	at com.sun.proxy.$Proxy82.persist(Unknown Source)
	at rs.ac.uns.ftn.informatika.RS14.IspitniProjekat.server.servlet.CreateControllerKorisnik.doGet(CreateControllerKorisnik.java:75)
	at rs.ac.uns.ftn.informatika.RS14.IspitniProjekat.server.servlet.CreateControllerKorisnik.doPost(CreateControllerKorisnik.java:92)
	at javax.servlet.http.HttpServlet.service(HttpServlet.java:647)
	at javax.servlet.http.HttpServlet.service(HttpServlet.java:728)
	at org.apache.catalina.core.ApplicationFilterChain.internalDoFilter(ApplicationFilterChain.java:305)
	at org.apache.catalina.core.ApplicationFilterChain.doFilter(ApplicationFilterChain.java:210)
	at org.apache.catalina.core.StandardWrapperValve.invoke(StandardWrapperValve.java:222)
	at org.apache.catalina.core.StandardContextValve.invoke(StandardContextValve.java:123)
	at org.apache.tomee.catalina.OpenEJBValve.invoke(OpenEJBValve.java:45)
	at org.apache.catalina.authenticator.AuthenticatorBase.invoke(AuthenticatorBase.java:472)
	at org.apache.catalina.core.StandardHostValve.invoke(StandardHostValve.java:171)
	at org.apache.catalina.valves.ErrorReportValve.invoke(ErrorReportValve.java:99)
	at org.apache.catalina.valves.AccessLogValve.invoke(AccessLogValve.java:936)
	at org.apache.catalina.core.StandardEngineValve.invoke(StandardEngineValve.java:118)
	at org.apache.catalina.connector.CoyoteAdapter.service(CoyoteAdapter.java:407)
	at org.apache.coyote.http11.AbstractHttp11Processor.process(AbstractHttp11Processor.java:1004)
	at org.apache.coyote.AbstractProtocol$AbstractConnectionHandler.process(AbstractProtocol.java:589)
	at org.apache.tomcat.util.net.JIoEndpoint$SocketProcessor.run(JIoEndpoint.java:312)
	at java.util.concurrent.ThreadPoolExecutor.runWorker(ThreadPoolExecutor.java:1142)
	at java.util.concurrent.ThreadPoolExecutor$Worker.run(ThreadPoolExecutor.java:617)
	at java.lang.Thread.run(Thread.java:745)
Caused by: javax.transaction.RollbackException: Unable to commit: transaction marked for rollback
	at org.apache.geronimo.transaction.manager.TransactionImpl.commit(TransactionImpl.java:272)
	at org.apache.geronimo.transaction.manager.TransactionManagerImpl.commit(TransactionManagerImpl.java:252)
	at org.apache.openejb.core.transaction.JtaTransactionPolicy.completeTransaction(JtaTransactionPolicy.java:328)
	at org.apache.openejb.core.transaction.TxRequired.commit(TxRequired.java:75)
	at org.apache.openejb.core.transaction.EjbTransactionUtil.afterInvoke(EjbTransactionUtil.java:73)
	at org.apache.openejb.core.stateless.StatelessContainer._invoke(StatelessContainer.java:257)
	at org.apache.openejb.core.stateless.StatelessContainer.invoke(StatelessContainer.java:189)
	at org.apache.openejb.core.ivm.EjbObjectProxyHandler.synchronizedBusinessMethod(EjbObjectProxyHandler.java:253)
	at org.apache.openejb.core.ivm.EjbObjectProxyHandler.businessMethod(EjbObjectProxyHandler.java:248)
	at org.apache.openejb.core.ivm.EjbObjectProxyHandler._invoke(EjbObjectProxyHandler.java:92)
	at org.apache.openejb.core.ivm.BaseEjbProxyHandler.invoke(BaseEjbProxyHandler.java:279)
	... 22 more
Caused by: org.apache.geronimo.transaction.manager.SetRollbackOnlyException: setRollbackOnly() called.  See stacktrace for origin
	at org.apache.geronimo.transaction.manager.TransactionImpl.setRollbackOnly(TransactionImpl.java:126)
	at org.apache.geronimo.transaction.manager.TransactionManagerImpl.setRollbackOnly(TransactionManagerImpl.java:243)
	at org.apache.openejb.core.TransactionSynchronizationRegistryWrapper.setRollbackOnly(TransactionSynchronizationRegistryWrapper.java:71)
	at org.apache.openjpa.ee.RegistryManagedRuntime$TransactionManagerRegistryFacade.setRollbackOnly(RegistryManagedRuntime.java:128)
	at org.apache.openjpa.ee.RegistryManagedRuntime.setRollbackOnly(RegistryManagedRuntime.java:74)
	at org.apache.openjpa.ee.AutomaticManagedRuntime.setRollbackOnly(AutomaticManagedRuntime.java:274)
	at org.apache.openjpa.kernel.BrokerImpl.setRollbackOnlyInternal(BrokerImpl.java:1660)
	at org.apache.openjpa.kernel.BrokerImpl.setRollbackOnly(BrokerImpl.java:1640)
	at org.apache.openjpa.kernel.DelegatingBroker.setRollbackOnly(DelegatingBroker.java:981)
	at org.apache.openjpa.persistence.EntityManagerImpl.setRollbackOnly(EntityManagerImpl.java:631)
	at org.apache.openjpa.persistence.PersistenceExceptions$2.translate(PersistenceExceptions.java:77)
	at org.apache.openjpa.kernel.BrokerImpl.translateManagedCompletionException(BrokerImpl.java:2060)
	at org.apache.openjpa.kernel.BrokerImpl.beforeCompletion(BrokerImpl.java:1994)
	at org.apache.geronimo.transaction.manager.TransactionImpl.beforeCompletion(TransactionImpl.java:527)
	at org.apache.geronimo.transaction.manager.TransactionImpl.beforeCompletion(TransactionImpl.java:512)
	at org.apache.geronimo.transaction.manager.TransactionImpl.beforePrepare(TransactionImpl.java:413)
	at org.apache.geronimo.transaction.manager.TransactionImpl.commit(TransactionImpl.java:262)
	... 32 more

Jan 29, 2016 2:02:21 AM org.apache.catalina.core.StandardWrapperValve invoke
SEVERE: Servlet.service() for servlet [CreateControllerKorisnik] in context with path [/IspitniProjekat] threw exception
javax.ejb.EJBTransactionRolledbackException: Transaction was rolled back, presumably because setRollbackOnly was called during a synchronization
	at org.apache.openejb.core.ivm.BaseEjbProxyHandler.convertException(BaseEjbProxyHandler.java:345)
	at org.apache.openejb.core.ivm.BaseEjbProxyHandler.invoke(BaseEjbProxyHandler.java:283)
	at com.sun.proxy.$Proxy82.persist(Unknown Source)
	at rs.ac.uns.ftn.informatika.RS14.IspitniProjekat.server.servlet.CreateControllerKorisnik.doGet(CreateControllerKorisnik.java:75)
	at rs.ac.uns.ftn.informatika.RS14.IspitniProjekat.server.servlet.CreateControllerKorisnik.doPost(CreateControllerKorisnik.java:92)
	at javax.servlet.http.HttpServlet.service(HttpServlet.java:647)
	at javax.servlet.http.HttpServlet.service(HttpServlet.java:728)
	at org.apache.catalina.core.ApplicationFilterChain.internalDoFilter(ApplicationFilterChain.java:305)
	at org.apache.catalina.core.ApplicationFilterChain.doFilter(ApplicationFilterChain.java:210)
	at org.apache.catalina.core.StandardWrapperValve.invoke(StandardWrapperValve.java:222)
	at org.apache.catalina.core.StandardContextValve.invoke(StandardContextValve.java:123)
	at org.apache.tomee.catalina.OpenEJBValve.invoke(OpenEJBValve.java:45)
	at org.apache.catalina.authenticator.AuthenticatorBase.invoke(AuthenticatorBase.java:472)
	at org.apache.catalina.core.StandardHostValve.invoke(StandardHostValve.java:171)
	at org.apache.catalina.valves.ErrorReportValve.invoke(ErrorReportValve.java:99)
	at org.apache.catalina.valves.AccessLogValve.invoke(AccessLogValve.java:936)
	at org.apache.catalina.core.StandardEngineValve.invoke(StandardEngineValve.java:118)
	at org.apache.catalina.connector.CoyoteAdapter.service(CoyoteAdapter.java:407)
	at org.apache.coyote.http11.AbstractHttp11Processor.process(AbstractHttp11Processor.java:1004)
	at org.apache.coyote.AbstractProtocol$AbstractConnectionHandler.process(AbstractProtocol.java:589)
	at org.apache.tomcat.util.net.JIoEndpoint$SocketProcessor.run(JIoEndpoint.java:312)
	at java.util.concurrent.ThreadPoolExecutor.runWorker(ThreadPoolExecutor.java:1142)
	at java.util.concurrent.ThreadPoolExecutor$Worker.run(ThreadPoolExecutor.java:617)
	at java.lang.Thread.run(Thread.java:745)
Caused by: javax.transaction.RollbackException: Unable to commit: transaction marked for rollback
	at org.apache.geronimo.transaction.manager.TransactionImpl.commit(TransactionImpl.java:272)
	at org.apache.geronimo.transaction.manager.TransactionManagerImpl.commit(TransactionManagerImpl.java:252)
	at org.apache.openejb.core.transaction.JtaTransactionPolicy.completeTransaction(JtaTransactionPolicy.java:328)
	at org.apache.openejb.core.transaction.TxRequired.commit(TxRequired.java:75)
	at org.apache.openejb.core.transaction.EjbTransactionUtil.afterInvoke(EjbTransactionUtil.java:73)
	at org.apache.openejb.core.stateless.StatelessContainer._invoke(StatelessContainer.java:257)
	at org.apache.openejb.core.stateless.StatelessContainer.invoke(StatelessContainer.java:189)
	at org.apache.openejb.core.ivm.EjbObjectProxyHandler.synchronizedBusinessMethod(EjbObjectProxyHandler.java:253)
	at org.apache.openejb.core.ivm.EjbObjectProxyHandler.businessMethod(EjbObjectProxyHandler.java:248)
	at org.apache.openejb.core.ivm.EjbObjectProxyHandler._invoke(EjbObjectProxyHandler.java:92)
	at org.apache.openejb.core.ivm.BaseEjbProxyHandler.invoke(BaseEjbProxyHandler.java:279)
	... 22 more
Caused by: org.apache.geronimo.transaction.manager.SetRollbackOnlyException: setRollbackOnly() called.  See stacktrace for origin
	at org.apache.geronimo.transaction.manager.TransactionImpl.setRollbackOnly(TransactionImpl.java:126)
	at org.apache.geronimo.transaction.manager.TransactionManagerImpl.setRollbackOnly(TransactionManagerImpl.java:243)
	at org.apache.openejb.core.TransactionSynchronizationRegistryWrapper.setRollbackOnly(TransactionSynchronizationRegistryWrapper.java:71)
	at org.apache.openjpa.ee.RegistryManagedRuntime$TransactionManagerRegistryFacade.setRollbackOnly(RegistryManagedRuntime.java:128)
	at org.apache.openjpa.ee.RegistryManagedRuntime.setRollbackOnly(RegistryManagedRuntime.java:74)
	at org.apache.openjpa.ee.AutomaticManagedRuntime.setRollbackOnly(AutomaticManagedRuntime.java:274)
	at org.apache.openjpa.kernel.BrokerImpl.setRollbackOnlyInternal(BrokerImpl.java:1660)
	at org.apache.openjpa.kernel.BrokerImpl.setRollbackOnly(BrokerImpl.java:1640)
	at org.apache.openjpa.kernel.DelegatingBroker.setRollbackOnly(DelegatingBroker.java:981)
	at org.apache.openjpa.persistence.EntityManagerImpl.setRollbackOnly(EntityManagerImpl.java:631)
	at org.apache.openjpa.persistence.PersistenceExceptions$2.translate(PersistenceExceptions.java:77)
	at org.apache.openjpa.kernel.BrokerImpl.translateManagedCompletionException(BrokerImpl.java:2060)
	at org.apache.openjpa.kernel.BrokerImpl.beforeCompletion(BrokerImpl.java:1994)
	at org.apache.geronimo.transaction.manager.TransactionImpl.beforeCompletion(TransactionImpl.java:527)
	at org.apache.geronimo.transaction.manager.TransactionImpl.beforeCompletion(TransactionImpl.java:512)
	at org.apache.geronimo.transaction.manager.TransactionImpl.beforePrepare(TransactionImpl.java:413)
	at org.apache.geronimo.transaction.manager.TransactionImpl.commit(TransactionImpl.java:262)
	... 32 more

Jan 29, 2016 2:02:23 AM org.apache.catalina.core.StandardWrapperValve invoke
SEVERE: Servlet.service() for servlet [CreateControllerKorisnik] in context with path [/IspitniProjekat] threw exception
javax.ejb.EJBTransactionRolledbackException: Transaction was rolled back, presumably because setRollbackOnly was called during a synchronization
	at org.apache.openejb.core.ivm.BaseEjbProxyHandler.convertException(BaseEjbProxyHandler.java:345)
	at org.apache.openejb.core.ivm.BaseEjbProxyHandler.invoke(BaseEjbProxyHandler.java:283)
	at com.sun.proxy.$Proxy82.persist(Unknown Source)
	at rs.ac.uns.ftn.informatika.RS14.IspitniProjekat.server.servlet.CreateControllerKorisnik.doGet(CreateControllerKorisnik.java:75)
	at rs.ac.uns.ftn.informatika.RS14.IspitniProjekat.server.servlet.CreateControllerKorisnik.doPost(CreateControllerKorisnik.java:92)
	at javax.servlet.http.HttpServlet.service(HttpServlet.java:647)
	at javax.servlet.http.HttpServlet.service(HttpServlet.java:728)
	at org.apache.catalina.core.ApplicationFilterChain.internalDoFilter(ApplicationFilterChain.java:305)
	at org.apache.catalina.core.ApplicationFilterChain.doFilter(ApplicationFilterChain.java:210)
	at org.apache.catalina.core.StandardWrapperValve.invoke(StandardWrapperValve.java:222)
	at org.apache.catalina.core.StandardContextValve.invoke(StandardContextValve.java:123)
	at org.apache.tomee.catalina.OpenEJBValve.invoke(OpenEJBValve.java:45)
	at org.apache.catalina.authenticator.AuthenticatorBase.invoke(AuthenticatorBase.java:472)
	at org.apache.catalina.core.StandardHostValve.invoke(StandardHostValve.java:171)
	at org.apache.catalina.valves.ErrorReportValve.invoke(ErrorReportValve.java:99)
	at org.apache.catalina.valves.AccessLogValve.invoke(AccessLogValve.java:936)
	at org.apache.catalina.core.StandardEngineValve.invoke(StandardEngineValve.java:118)
	at org.apache.catalina.connector.CoyoteAdapter.service(CoyoteAdapter.java:407)
	at org.apache.coyote.http11.AbstractHttp11Processor.process(AbstractHttp11Processor.java:1004)
	at org.apache.coyote.AbstractProtocol$AbstractConnectionHandler.process(AbstractProtocol.java:589)
	at org.apache.tomcat.util.net.JIoEndpoint$SocketProcessor.run(JIoEndpoint.java:312)
	at java.util.concurrent.ThreadPoolExecutor.runWorker(ThreadPoolExecutor.java:1142)
	at java.util.concurrent.ThreadPoolExecutor$Worker.run(ThreadPoolExecutor.java:617)
	at java.lang.Thread.run(Thread.java:745)
Caused by: javax.transaction.RollbackException: Unable to commit: transaction marked for rollback
	at org.apache.geronimo.transaction.manager.TransactionImpl.commit(TransactionImpl.java:272)
	at org.apache.geronimo.transaction.manager.TransactionManagerImpl.commit(TransactionManagerImpl.java:252)
	at org.apache.openejb.core.transaction.JtaTransactionPolicy.completeTransaction(JtaTransactionPolicy.java:328)
	at org.apache.openejb.core.transaction.TxRequired.commit(TxRequired.java:75)
	at org.apache.openejb.core.transaction.EjbTransactionUtil.afterInvoke(EjbTransactionUtil.java:73)
	at org.apache.openejb.core.stateless.StatelessContainer._invoke(StatelessContainer.java:257)
	at org.apache.openejb.core.stateless.StatelessContainer.invoke(StatelessContainer.java:189)
	at org.apache.openejb.core.ivm.EjbObjectProxyHandler.synchronizedBusinessMethod(EjbObjectProxyHandler.java:253)
	at org.apache.openejb.core.ivm.EjbObjectProxyHandler.businessMethod(EjbObjectProxyHandler.java:248)
	at org.apache.openejb.core.ivm.EjbObjectProxyHandler._invoke(EjbObjectProxyHandler.java:92)
	at org.apache.openejb.core.ivm.BaseEjbProxyHandler.invoke(BaseEjbProxyHandler.java:279)
	... 22 more
Caused by: org.apache.geronimo.transaction.manager.SetRollbackOnlyException: setRollbackOnly() called.  See stacktrace for origin
	at org.apache.geronimo.transaction.manager.TransactionImpl.setRollbackOnly(TransactionImpl.java:126)
	at org.apache.geronimo.transaction.manager.TransactionManagerImpl.setRollbackOnly(TransactionManagerImpl.java:243)
	at org.apache.openejb.core.TransactionSynchronizationRegistryWrapper.setRollbackOnly(TransactionSynchronizationRegistryWrapper.java:71)
	at org.apache.openjpa.ee.RegistryManagedRuntime$TransactionManagerRegistryFacade.setRollbackOnly(RegistryManagedRuntime.java:128)
	at org.apache.openjpa.ee.RegistryManagedRuntime.setRollbackOnly(RegistryManagedRuntime.java:74)
	at org.apache.openjpa.ee.AutomaticManagedRuntime.setRollbackOnly(AutomaticManagedRuntime.java:274)
	at org.apache.openjpa.kernel.BrokerImpl.setRollbackOnlyInternal(BrokerImpl.java:1660)
	at org.apache.openjpa.kernel.BrokerImpl.setRollbackOnly(BrokerImpl.java:1640)
	at org.apache.openjpa.kernel.DelegatingBroker.setRollbackOnly(DelegatingBroker.java:981)
	at org.apache.openjpa.persistence.EntityManagerImpl.setRollbackOnly(EntityManagerImpl.java:631)
	at org.apache.openjpa.persistence.PersistenceExceptions$2.translate(PersistenceExceptions.java:77)
	at org.apache.openjpa.kernel.BrokerImpl.translateManagedCompletionException(BrokerImpl.java:2060)
	at org.apache.openjpa.kernel.BrokerImpl.beforeCompletion(BrokerImpl.java:1994)
	at org.apache.geronimo.transaction.manager.TransactionImpl.beforeCompletion(TransactionImpl.java:527)
	at org.apache.geronimo.transaction.manager.TransactionImpl.beforeCompletion(TransactionImpl.java:512)
	at org.apache.geronimo.transaction.manager.TransactionImpl.beforePrepare(TransactionImpl.java:413)
	at org.apache.geronimo.transaction.manager.TransactionImpl.commit(TransactionImpl.java:262)
	... 32 more

Jan 29, 2016 2:02:27 AM org.apache.catalina.core.StandardWrapperValve invoke
SEVERE: Servlet.service() for servlet [CreateControllerKorisnik] in context with path [/IspitniProjekat] threw exception
javax.ejb.EJBTransactionRolledbackException: Transaction was rolled back, presumably because setRollbackOnly was called during a synchronization
	at org.apache.openejb.core.ivm.BaseEjbProxyHandler.convertException(BaseEjbProxyHandler.java:345)
	at org.apache.openejb.core.ivm.BaseEjbProxyHandler.invoke(BaseEjbProxyHandler.java:283)
	at com.sun.proxy.$Proxy82.persist(Unknown Source)
	at rs.ac.uns.ftn.informatika.RS14.IspitniProjekat.server.servlet.CreateControllerKorisnik.doGet(CreateControllerKorisnik.java:75)
	at rs.ac.uns.ftn.informatika.RS14.IspitniProjekat.server.servlet.CreateControllerKorisnik.doPost(CreateControllerKorisnik.java:92)
	at javax.servlet.http.HttpServlet.service(HttpServlet.java:647)
	at javax.servlet.http.HttpServlet.service(HttpServlet.java:728)
	at org.apache.catalina.core.ApplicationFilterChain.internalDoFilter(ApplicationFilterChain.java:305)
	at org.apache.catalina.core.ApplicationFilterChain.doFilter(ApplicationFilterChain.java:210)
	at org.apache.catalina.core.StandardWrapperValve.invoke(StandardWrapperValve.java:222)
	at org.apache.catalina.core.StandardContextValve.invoke(StandardContextValve.java:123)
	at org.apache.tomee.catalina.OpenEJBValve.invoke(OpenEJBValve.java:45)
	at org.apache.catalina.authenticator.AuthenticatorBase.invoke(AuthenticatorBase.java:472)
	at org.apache.catalina.core.StandardHostValve.invoke(StandardHostValve.java:171)
	at org.apache.catalina.valves.ErrorReportValve.invoke(ErrorReportValve.java:99)
	at org.apache.catalina.valves.AccessLogValve.invoke(AccessLogValve.java:936)
	at org.apache.catalina.core.StandardEngineValve.invoke(StandardEngineValve.java:118)
	at org.apache.catalina.connector.CoyoteAdapter.service(CoyoteAdapter.java:407)
	at org.apache.coyote.http11.AbstractHttp11Processor.process(AbstractHttp11Processor.java:1004)
	at org.apache.coyote.AbstractProtocol$AbstractConnectionHandler.process(AbstractProtocol.java:589)
	at org.apache.tomcat.util.net.JIoEndpoint$SocketProcessor.run(JIoEndpoint.java:312)
	at java.util.concurrent.ThreadPoolExecutor.runWorker(ThreadPoolExecutor.java:1142)
	at java.util.concurrent.ThreadPoolExecutor$Worker.run(ThreadPoolExecutor.java:617)
	at java.lang.Thread.run(Thread.java:745)
Caused by: javax.transaction.RollbackException: Unable to commit: transaction marked for rollback
	at org.apache.geronimo.transaction.manager.TransactionImpl.commit(TransactionImpl.java:272)
	at org.apache.geronimo.transaction.manager.TransactionManagerImpl.commit(TransactionManagerImpl.java:252)
	at org.apache.openejb.core.transaction.JtaTransactionPolicy.completeTransaction(JtaTransactionPolicy.java:328)
	at org.apache.openejb.core.transaction.TxRequired.commit(TxRequired.java:75)
	at org.apache.openejb.core.transaction.EjbTransactionUtil.afterInvoke(EjbTransactionUtil.java:73)
	at org.apache.openejb.core.stateless.StatelessContainer._invoke(StatelessContainer.java:257)
	at org.apache.openejb.core.stateless.StatelessContainer.invoke(StatelessContainer.java:189)
	at org.apache.openejb.core.ivm.EjbObjectProxyHandler.synchronizedBusinessMethod(EjbObjectProxyHandler.java:253)
	at org.apache.openejb.core.ivm.EjbObjectProxyHandler.businessMethod(EjbObjectProxyHandler.java:248)
	at org.apache.openejb.core.ivm.EjbObjectProxyHandler._invoke(EjbObjectProxyHandler.java:92)
	at org.apache.openejb.core.ivm.BaseEjbProxyHandler.invoke(BaseEjbProxyHandler.java:279)
	... 22 more
Caused by: org.apache.geronimo.transaction.manager.SetRollbackOnlyException: setRollbackOnly() called.  See stacktrace for origin
	at org.apache.geronimo.transaction.manager.TransactionImpl.setRollbackOnly(TransactionImpl.java:126)
	at org.apache.geronimo.transaction.manager.TransactionManagerImpl.setRollbackOnly(TransactionManagerImpl.java:243)
	at org.apache.openejb.core.TransactionSynchronizationRegistryWrapper.setRollbackOnly(TransactionSynchronizationRegistryWrapper.java:71)
	at org.apache.openjpa.ee.RegistryManagedRuntime$TransactionManagerRegistryFacade.setRollbackOnly(RegistryManagedRuntime.java:128)
	at org.apache.openjpa.ee.RegistryManagedRuntime.setRollbackOnly(RegistryManagedRuntime.java:74)
	at org.apache.openjpa.ee.AutomaticManagedRuntime.setRollbackOnly(AutomaticManagedRuntime.java:274)
	at org.apache.openjpa.kernel.BrokerImpl.setRollbackOnlyInternal(BrokerImpl.java:1660)
	at org.apache.openjpa.kernel.BrokerImpl.setRollbackOnly(BrokerImpl.java:1640)
	at org.apache.openjpa.kernel.DelegatingBroker.setRollbackOnly(DelegatingBroker.java:981)
	at org.apache.openjpa.persistence.EntityManagerImpl.setRollbackOnly(EntityManagerImpl.java:631)
	at org.apache.openjpa.persistence.PersistenceExceptions$2.translate(PersistenceExceptions.java:77)
	at org.apache.openjpa.kernel.BrokerImpl.translateManagedCompletionException(BrokerImpl.java:2060)
	at org.apache.openjpa.kernel.BrokerImpl.beforeCompletion(BrokerImpl.java:1994)
	at org.apache.geronimo.transaction.manager.TransactionImpl.beforeCompletion(TransactionImpl.java:527)
	at org.apache.geronimo.transaction.manager.TransactionImpl.beforeCompletion(TransactionImpl.java:512)
	at org.apache.geronimo.transaction.manager.TransactionImpl.beforePrepare(TransactionImpl.java:413)
	at org.apache.geronimo.transaction.manager.TransactionImpl.commit(TransactionImpl.java:262)
	... 32 more

Jan 29, 2016 4:19:54 AM org.apache.catalina.core.ApplicationDispatcher invoke
SEVERE: Servlet.service() for servlet jsp threw exception
javax.el.PropertyNotFoundException: Property 'nazivProizvodjaca' not found on type rs.ac.uns.ftn.informatika.RS13.IspitniProjekat.server.entity.Category
	at javax.el.BeanELResolver$BeanProperties.get(BeanELResolver.java:195)
	at javax.el.BeanELResolver$BeanProperties.access$400(BeanELResolver.java:172)
	at javax.el.BeanELResolver.property(BeanELResolver.java:281)
	at javax.el.BeanELResolver.getValue(BeanELResolver.java:62)
	at org.apache.jasper.el.JasperELResolver.getValue(JasperELResolver.java:104)
	at org.apache.el.parser.AstValue.getValue(AstValue.java:183)
	at org.apache.el.ValueExpressionImpl.getValue(ValueExpressionImpl.java:185)
	at org.apache.jasper.runtime.PageContextImpl.proprietaryEvaluate(PageContextImpl.java:1026)
	at org.apache.jsp.listaVozila_jsp._jspx_meth_c_005fforEach_005f0(listaVozila_jsp.java:430)
	at org.apache.jsp.listaVozila_jsp._jspService(listaVozila_jsp.java:150)
	at org.apache.jasper.runtime.HttpJspBase.service(HttpJspBase.java:70)
	at javax.servlet.http.HttpServlet.service(HttpServlet.java:728)
	at org.apache.jasper.servlet.JspServletWrapper.service(JspServletWrapper.java:432)
	at org.apache.jasper.servlet.JspServlet.serviceJspFile(JspServlet.java:390)
	at org.apache.jasper.servlet.JspServlet.service(JspServlet.java:334)
	at javax.servlet.http.HttpServlet.service(HttpServlet.java:728)
	at org.apache.catalina.core.ApplicationFilterChain.internalDoFilter(ApplicationFilterChain.java:305)
	at org.apache.catalina.core.ApplicationFilterChain.doFilter(ApplicationFilterChain.java:210)
	at org.apache.catalina.core.ApplicationDispatcher.invoke(ApplicationDispatcher.java:749)
	at org.apache.catalina.core.ApplicationDispatcher.processRequest(ApplicationDispatcher.java:487)
	at org.apache.catalina.core.ApplicationDispatcher.doForward(ApplicationDispatcher.java:412)
	at org.apache.catalina.core.ApplicationDispatcher.forward(ApplicationDispatcher.java:339)
	at rs.ac.uns.ftn.informatika.RS13.IspitniProjekat.server.servlet.ReadControllerAutomobili.doGet(ReadControllerAutomobili.java:42)
	at javax.servlet.http.HttpServlet.service(HttpServlet.java:621)
	at javax.servlet.http.HttpServlet.service(HttpServlet.java:728)
	at org.apache.catalina.core.ApplicationFilterChain.internalDoFilter(ApplicationFilterChain.java:305)
	at org.apache.catalina.core.ApplicationFilterChain.doFilter(ApplicationFilterChain.java:210)
	at org.apache.catalina.core.StandardWrapperValve.invoke(StandardWrapperValve.java:222)
	at org.apache.catalina.core.StandardContextValve.invoke(StandardContextValve.java:123)
	at org.apache.tomee.catalina.OpenEJBValve.invoke(OpenEJBValve.java:45)
	at org.apache.catalina.authenticator.AuthenticatorBase.invoke(AuthenticatorBase.java:472)
	at org.apache.catalina.core.StandardHostValve.invoke(StandardHostValve.java:171)
	at org.apache.catalina.valves.ErrorReportValve.invoke(ErrorReportValve.java:99)
	at org.apache.catalina.valves.AccessLogValve.invoke(AccessLogValve.java:936)
	at org.apache.catalina.core.StandardEngineValve.invoke(StandardEngineValve.java:118)
	at org.apache.catalina.connector.CoyoteAdapter.service(CoyoteAdapter.java:407)
	at org.apache.coyote.http11.AbstractHttp11Processor.process(AbstractHttp11Processor.java:1004)
	at org.apache.coyote.AbstractProtocol$AbstractConnectionHandler.process(AbstractProtocol.java:589)
	at org.apache.tomcat.util.net.JIoEndpoint$SocketProcessor.run(JIoEndpoint.java:312)
	at java.util.concurrent.ThreadPoolExecutor.runWorker(ThreadPoolExecutor.java:1142)
	at java.util.concurrent.ThreadPoolExecutor$Worker.run(ThreadPoolExecutor.java:617)
	at java.lang.Thread.run(Thread.java:745)

Jan 29, 2016 4:19:54 AM org.apache.catalina.core.StandardWrapperValve invoke
SEVERE: Servlet.service() for servlet [ReadControllerAutomobili] in context with path [/Project] threw exception [javax.el.PropertyNotFoundException: Property 'nazivProizvodjaca' not found on type rs.ac.uns.ftn.informatika.RS13.IspitniProjekat.server.entity.Category] with root cause
javax.el.PropertyNotFoundException: Property 'nazivProizvodjaca' not found on type rs.ac.uns.ftn.informatika.RS13.IspitniProjekat.server.entity.Category
	at javax.el.BeanELResolver$BeanProperties.get(BeanELResolver.java:195)
	at javax.el.BeanELResolver$BeanProperties.access$400(BeanELResolver.java:172)
	at javax.el.BeanELResolver.property(BeanELResolver.java:281)
	at javax.el.BeanELResolver.getValue(BeanELResolver.java:62)
	at org.apache.jasper.el.JasperELResolver.getValue(JasperELResolver.java:104)
	at org.apache.el.parser.AstValue.getValue(AstValue.java:183)
	at org.apache.el.ValueExpressionImpl.getValue(ValueExpressionImpl.java:185)
	at org.apache.jasper.runtime.PageContextImpl.proprietaryEvaluate(PageContextImpl.java:1026)
	at org.apache.jsp.listaVozila_jsp._jspx_meth_c_005fforEach_005f0(listaVozila_jsp.java:430)
	at org.apache.jsp.listaVozila_jsp._jspService(listaVozila_jsp.java:150)
	at org.apache.jasper.runtime.HttpJspBase.service(HttpJspBase.java:70)
	at javax.servlet.http.HttpServlet.service(HttpServlet.java:728)
	at org.apache.jasper.servlet.JspServletWrapper.service(JspServletWrapper.java:432)
	at org.apache.jasper.servlet.JspServlet.serviceJspFile(JspServlet.java:390)
	at org.apache.jasper.servlet.JspServlet.service(JspServlet.java:334)
	at javax.servlet.http.HttpServlet.service(HttpServlet.java:728)
	at org.apache.catalina.core.ApplicationFilterChain.internalDoFilter(ApplicationFilterChain.java:305)
	at org.apache.catalina.core.ApplicationFilterChain.doFilter(ApplicationFilterChain.java:210)
	at org.apache.catalina.core.ApplicationDispatcher.invoke(ApplicationDispatcher.java:749)
	at org.apache.catalina.core.ApplicationDispatcher.processRequest(ApplicationDispatcher.java:487)
	at org.apache.catalina.core.ApplicationDispatcher.doForward(ApplicationDispatcher.java:412)
	at org.apache.catalina.core.ApplicationDispatcher.forward(ApplicationDispatcher.java:339)
	at rs.ac.uns.ftn.informatika.RS13.IspitniProjekat.server.servlet.ReadControllerAutomobili.doGet(ReadControllerAutomobili.java:42)
	at javax.servlet.http.HttpServlet.service(HttpServlet.java:621)
	at javax.servlet.http.HttpServlet.service(HttpServlet.java:728)
	at org.apache.catalina.core.ApplicationFilterChain.internalDoFilter(ApplicationFilterChain.java:305)
	at org.apache.catalina.core.ApplicationFilterChain.doFilter(ApplicationFilterChain.java:210)
	at org.apache.catalina.core.StandardWrapperValve.invoke(StandardWrapperValve.java:222)
	at org.apache.catalina.core.StandardContextValve.invoke(StandardContextValve.java:123)
	at org.apache.tomee.catalina.OpenEJBValve.invoke(OpenEJBValve.java:45)
	at org.apache.catalina.authenticator.AuthenticatorBase.invoke(AuthenticatorBase.java:472)
	at org.apache.catalina.core.StandardHostValve.invoke(StandardHostValve.java:171)
	at org.apache.catalina.valves.ErrorReportValve.invoke(ErrorReportValve.java:99)
	at org.apache.catalina.valves.AccessLogValve.invoke(AccessLogValve.java:936)
	at org.apache.catalina.core.StandardEngineValve.invoke(StandardEngineValve.java:118)
	at org.apache.catalina.connector.CoyoteAdapter.service(CoyoteAdapter.java:407)
	at org.apache.coyote.http11.AbstractHttp11Processor.process(AbstractHttp11Processor.java:1004)
	at org.apache.coyote.AbstractProtocol$AbstractConnectionHandler.process(AbstractProtocol.java:589)
	at org.apache.tomcat.util.net.JIoEndpoint$SocketProcessor.run(JIoEndpoint.java:312)
	at java.util.concurrent.ThreadPoolExecutor.runWorker(ThreadPoolExecutor.java:1142)
	at java.util.concurrent.ThreadPoolExecutor$Worker.run(ThreadPoolExecutor.java:617)
	at java.lang.Thread.run(Thread.java:745)

Jan 29, 2016 4:23:57 AM org.apache.catalina.core.ApplicationDispatcher invoke
SEVERE: Servlet.service() for servlet jsp threw exception
java.lang.InstantiationException: bean automobili not found within scope
	at org.apache.jsp.listaVozila_jsp._jspService(listaVozila_jsp.java:80)
	at org.apache.jasper.runtime.HttpJspBase.service(HttpJspBase.java:70)
	at javax.servlet.http.HttpServlet.service(HttpServlet.java:728)
	at org.apache.jasper.servlet.JspServletWrapper.service(JspServletWrapper.java:432)
	at org.apache.jasper.servlet.JspServlet.serviceJspFile(JspServlet.java:390)
	at org.apache.jasper.servlet.JspServlet.service(JspServlet.java:334)
	at javax.servlet.http.HttpServlet.service(HttpServlet.java:728)
	at org.apache.catalina.core.ApplicationFilterChain.internalDoFilter(ApplicationFilterChain.java:305)
	at org.apache.catalina.core.ApplicationFilterChain.doFilter(ApplicationFilterChain.java:210)
	at org.apache.catalina.core.ApplicationDispatcher.invoke(ApplicationDispatcher.java:749)
	at org.apache.catalina.core.ApplicationDispatcher.processRequest(ApplicationDispatcher.java:487)
	at org.apache.catalina.core.ApplicationDispatcher.doForward(ApplicationDispatcher.java:412)
	at org.apache.catalina.core.ApplicationDispatcher.forward(ApplicationDispatcher.java:339)
	at rs.ac.uns.ftn.informatika.RS13.IspitniProjekat.server.servlet.ReadControllerAutomobili.doGet(ReadControllerAutomobili.java:42)
	at javax.servlet.http.HttpServlet.service(HttpServlet.java:621)
	at javax.servlet.http.HttpServlet.service(HttpServlet.java:728)
	at org.apache.catalina.core.ApplicationFilterChain.internalDoFilter(ApplicationFilterChain.java:305)
	at org.apache.catalina.core.ApplicationFilterChain.doFilter(ApplicationFilterChain.java:210)
	at org.apache.catalina.core.StandardWrapperValve.invoke(StandardWrapperValve.java:222)
	at org.apache.catalina.core.StandardContextValve.invoke(StandardContextValve.java:123)
	at org.apache.tomee.catalina.OpenEJBValve.invoke(OpenEJBValve.java:45)
	at org.apache.catalina.authenticator.AuthenticatorBase.invoke(AuthenticatorBase.java:472)
	at org.apache.catalina.core.StandardHostValve.invoke(StandardHostValve.java:171)
	at org.apache.catalina.valves.ErrorReportValve.invoke(ErrorReportValve.java:99)
	at org.apache.catalina.valves.AccessLogValve.invoke(AccessLogValve.java:936)
	at org.apache.catalina.core.StandardEngineValve.invoke(StandardEngineValve.java:118)
	at org.apache.catalina.connector.CoyoteAdapter.service(CoyoteAdapter.java:407)
	at org.apache.coyote.http11.AbstractHttp11Processor.process(AbstractHttp11Processor.java:1004)
	at org.apache.coyote.AbstractProtocol$AbstractConnectionHandler.process(AbstractProtocol.java:589)
	at org.apache.tomcat.util.net.JIoEndpoint$SocketProcessor.run(JIoEndpoint.java:312)
	at java.util.concurrent.ThreadPoolExecutor.runWorker(ThreadPoolExecutor.java:1142)
	at java.util.concurrent.ThreadPoolExecutor$Worker.run(ThreadPoolExecutor.java:617)
	at java.lang.Thread.run(Thread.java:745)

Jan 29, 2016 4:23:57 AM org.apache.catalina.core.StandardWrapperValve invoke
SEVERE: Servlet.service() for servlet [ReadControllerAutomobili] in context with path [/Project] threw exception [java.lang.InstantiationException: bean automobili not found within scope] with root cause
java.lang.InstantiationException: bean automobili not found within scope
	at org.apache.jsp.listaVozila_jsp._jspService(listaVozila_jsp.java:80)
	at org.apache.jasper.runtime.HttpJspBase.service(HttpJspBase.java:70)
	at javax.servlet.http.HttpServlet.service(HttpServlet.java:728)
	at org.apache.jasper.servlet.JspServletWrapper.service(JspServletWrapper.java:432)
	at org.apache.jasper.servlet.JspServlet.serviceJspFile(JspServlet.java:390)
	at org.apache.jasper.servlet.JspServlet.service(JspServlet.java:334)
	at javax.servlet.http.HttpServlet.service(HttpServlet.java:728)
	at org.apache.catalina.core.ApplicationFilterChain.internalDoFilter(ApplicationFilterChain.java:305)
	at org.apache.catalina.core.ApplicationFilterChain.doFilter(ApplicationFilterChain.java:210)
	at org.apache.catalina.core.ApplicationDispatcher.invoke(ApplicationDispatcher.java:749)
	at org.apache.catalina.core.ApplicationDispatcher.processRequest(ApplicationDispatcher.java:487)
	at org.apache.catalina.core.ApplicationDispatcher.doForward(ApplicationDispatcher.java:412)
	at org.apache.catalina.core.ApplicationDispatcher.forward(ApplicationDispatcher.java:339)
	at rs.ac.uns.ftn.informatika.RS13.IspitniProjekat.server.servlet.ReadControllerAutomobili.doGet(ReadControllerAutomobili.java:42)
	at javax.servlet.http.HttpServlet.service(HttpServlet.java:621)
	at javax.servlet.http.HttpServlet.service(HttpServlet.java:728)
	at org.apache.catalina.core.ApplicationFilterChain.internalDoFilter(ApplicationFilterChain.java:305)
	at org.apache.catalina.core.ApplicationFilterChain.doFilter(ApplicationFilterChain.java:210)
	at org.apache.catalina.core.StandardWrapperValve.invoke(StandardWrapperValve.java:222)
	at org.apache.catalina.core.StandardContextValve.invoke(StandardContextValve.java:123)
	at org.apache.tomee.catalina.OpenEJBValve.invoke(OpenEJBValve.java:45)
	at org.apache.catalina.authenticator.AuthenticatorBase.invoke(AuthenticatorBase.java:472)
	at org.apache.catalina.core.StandardHostValve.invoke(StandardHostValve.java:171)
	at org.apache.catalina.valves.ErrorReportValve.invoke(ErrorReportValve.java:99)
	at org.apache.catalina.valves.AccessLogValve.invoke(AccessLogValve.java:936)
	at org.apache.catalina.core.StandardEngineValve.invoke(StandardEngineValve.java:118)
	at org.apache.catalina.connector.CoyoteAdapter.service(CoyoteAdapter.java:407)
	at org.apache.coyote.http11.AbstractHttp11Processor.process(AbstractHttp11Processor.java:1004)
	at org.apache.coyote.AbstractProtocol$AbstractConnectionHandler.process(AbstractProtocol.java:589)
	at org.apache.tomcat.util.net.JIoEndpoint$SocketProcessor.run(JIoEndpoint.java:312)
	at java.util.concurrent.ThreadPoolExecutor.runWorker(ThreadPoolExecutor.java:1142)
	at java.util.concurrent.ThreadPoolExecutor$Worker.run(ThreadPoolExecutor.java:617)
	at java.lang.Thread.run(Thread.java:745)

Jan 29, 2016 4:30:06 AM org.apache.catalina.core.ApplicationDispatcher invoke
SEVERE: Servlet.service() for servlet jsp threw exception
javax.el.PropertyNotFoundException: Property 'nazivProizvodjaca' not found on type rs.ac.uns.ftn.informatika.RS13.IspitniProjekat.server.entity.Category
	at javax.el.BeanELResolver$BeanProperties.get(BeanELResolver.java:195)
	at javax.el.BeanELResolver$BeanProperties.access$400(BeanELResolver.java:172)
	at javax.el.BeanELResolver.property(BeanELResolver.java:281)
	at javax.el.BeanELResolver.getValue(BeanELResolver.java:62)
	at org.apache.jasper.el.JasperELResolver.getValue(JasperELResolver.java:104)
	at org.apache.el.parser.AstValue.getValue(AstValue.java:183)
	at org.apache.el.ValueExpressionImpl.getValue(ValueExpressionImpl.java:185)
	at org.apache.jasper.runtime.PageContextImpl.proprietaryEvaluate(PageContextImpl.java:1026)
	at org.apache.jsp.listaProizvodjaca_jsp._jspx_meth_c_005fforEach_005f0(listaProizvodjaca_jsp.java:428)
	at org.apache.jsp.listaProizvodjaca_jsp._jspService(listaProizvodjaca_jsp.java:160)
	at org.apache.jasper.runtime.HttpJspBase.service(HttpJspBase.java:70)
	at javax.servlet.http.HttpServlet.service(HttpServlet.java:728)
	at org.apache.jasper.servlet.JspServletWrapper.service(JspServletWrapper.java:432)
	at org.apache.jasper.servlet.JspServlet.serviceJspFile(JspServlet.java:390)
	at org.apache.jasper.servlet.JspServlet.service(JspServlet.java:334)
	at javax.servlet.http.HttpServlet.service(HttpServlet.java:728)
	at org.apache.catalina.core.ApplicationFilterChain.internalDoFilter(ApplicationFilterChain.java:305)
	at org.apache.catalina.core.ApplicationFilterChain.doFilter(ApplicationFilterChain.java:210)
	at org.apache.catalina.core.ApplicationDispatcher.invoke(ApplicationDispatcher.java:749)
	at org.apache.catalina.core.ApplicationDispatcher.processRequest(ApplicationDispatcher.java:487)
	at org.apache.catalina.core.ApplicationDispatcher.doForward(ApplicationDispatcher.java:412)
	at org.apache.catalina.core.ApplicationDispatcher.forward(ApplicationDispatcher.java:339)
	at rs.ac.uns.ftn.informatika.RS13.IspitniProjekat.server.servlet.PrepareReadControllerProizvodjac.doGet(PrepareReadControllerProizvodjac.java:27)
	at javax.servlet.http.HttpServlet.service(HttpServlet.java:621)
	at javax.servlet.http.HttpServlet.service(HttpServlet.java:728)
	at org.apache.catalina.core.ApplicationFilterChain.internalDoFilter(ApplicationFilterChain.java:305)
	at org.apache.catalina.core.ApplicationFilterChain.doFilter(ApplicationFilterChain.java:210)
	at org.apache.catalina.core.StandardWrapperValve.invoke(StandardWrapperValve.java:222)
	at org.apache.catalina.core.StandardContextValve.invoke(StandardContextValve.java:123)
	at org.apache.tomee.catalina.OpenEJBValve.invoke(OpenEJBValve.java:45)
	at org.apache.catalina.authenticator.AuthenticatorBase.invoke(AuthenticatorBase.java:472)
	at org.apache.catalina.core.StandardHostValve.invoke(StandardHostValve.java:171)
	at org.apache.catalina.valves.ErrorReportValve.invoke(ErrorReportValve.java:99)
	at org.apache.catalina.valves.AccessLogValve.invoke(AccessLogValve.java:936)
	at org.apache.catalina.core.StandardEngineValve.invoke(StandardEngineValve.java:118)
	at org.apache.catalina.connector.CoyoteAdapter.service(CoyoteAdapter.java:407)
	at org.apache.coyote.http11.AbstractHttp11Processor.process(AbstractHttp11Processor.java:1004)
	at org.apache.coyote.AbstractProtocol$AbstractConnectionHandler.process(AbstractProtocol.java:589)
	at org.apache.tomcat.util.net.JIoEndpoint$SocketProcessor.run(JIoEndpoint.java:312)
	at java.util.concurrent.ThreadPoolExecutor.runWorker(ThreadPoolExecutor.java:1142)
	at java.util.concurrent.ThreadPoolExecutor$Worker.run(ThreadPoolExecutor.java:617)
	at java.lang.Thread.run(Thread.java:745)

Jan 29, 2016 4:30:06 AM org.apache.catalina.core.StandardWrapperValve invoke
SEVERE: Servlet.service() for servlet [PrepareReadControllerProizvodjac] in context with path [/Project] threw exception [javax.el.PropertyNotFoundException: Property 'nazivProizvodjaca' not found on type rs.ac.uns.ftn.informatika.RS13.IspitniProjekat.server.entity.Category] with root cause
javax.el.PropertyNotFoundException: Property 'nazivProizvodjaca' not found on type rs.ac.uns.ftn.informatika.RS13.IspitniProjekat.server.entity.Category
	at javax.el.BeanELResolver$BeanProperties.get(BeanELResolver.java:195)
	at javax.el.BeanELResolver$BeanProperties.access$400(BeanELResolver.java:172)
	at javax.el.BeanELResolver.property(BeanELResolver.java:281)
	at javax.el.BeanELResolver.getValue(BeanELResolver.java:62)
	at org.apache.jasper.el.JasperELResolver.getValue(JasperELResolver.java:104)
	at org.apache.el.parser.AstValue.getValue(AstValue.java:183)
	at org.apache.el.ValueExpressionImpl.getValue(ValueExpressionImpl.java:185)
	at org.apache.jasper.runtime.PageContextImpl.proprietaryEvaluate(PageContextImpl.java:1026)
	at org.apache.jsp.listaProizvodjaca_jsp._jspx_meth_c_005fforEach_005f0(listaProizvodjaca_jsp.java:428)
	at org.apache.jsp.listaProizvodjaca_jsp._jspService(listaProizvodjaca_jsp.java:160)
	at org.apache.jasper.runtime.HttpJspBase.service(HttpJspBase.java:70)
	at javax.servlet.http.HttpServlet.service(HttpServlet.java:728)
	at org.apache.jasper.servlet.JspServletWrapper.service(JspServletWrapper.java:432)
	at org.apache.jasper.servlet.JspServlet.serviceJspFile(JspServlet.java:390)
	at org.apache.jasper.servlet.JspServlet.service(JspServlet.java:334)
	at javax.servlet.http.HttpServlet.service(HttpServlet.java:728)
	at org.apache.catalina.core.ApplicationFilterChain.internalDoFilter(ApplicationFilterChain.java:305)
	at org.apache.catalina.core.ApplicationFilterChain.doFilter(ApplicationFilterChain.java:210)
	at org.apache.catalina.core.ApplicationDispatcher.invoke(ApplicationDispatcher.java:749)
	at org.apache.catalina.core.ApplicationDispatcher.processRequest(ApplicationDispatcher.java:487)
	at org.apache.catalina.core.ApplicationDispatcher.doForward(ApplicationDispatcher.java:412)
	at org.apache.catalina.core.ApplicationDispatcher.forward(ApplicationDispatcher.java:339)
	at rs.ac.uns.ftn.informatika.RS13.IspitniProjekat.server.servlet.PrepareReadControllerProizvodjac.doGet(PrepareReadControllerProizvodjac.java:27)
	at javax.servlet.http.HttpServlet.service(HttpServlet.java:621)
	at javax.servlet.http.HttpServlet.service(HttpServlet.java:728)
	at org.apache.catalina.core.ApplicationFilterChain.internalDoFilter(ApplicationFilterChain.java:305)
	at org.apache.catalina.core.ApplicationFilterChain.doFilter(ApplicationFilterChain.java:210)
	at org.apache.catalina.core.StandardWrapperValve.invoke(StandardWrapperValve.java:222)
	at org.apache.catalina.core.StandardContextValve.invoke(StandardContextValve.java:123)
	at org.apache.tomee.catalina.OpenEJBValve.invoke(OpenEJBValve.java:45)
	at org.apache.catalina.authenticator.AuthenticatorBase.invoke(AuthenticatorBase.java:472)
	at org.apache.catalina.core.StandardHostValve.invoke(StandardHostValve.java:171)
	at org.apache.catalina.valves.ErrorReportValve.invoke(ErrorReportValve.java:99)
	at org.apache.catalina.valves.AccessLogValve.invoke(AccessLogValve.java:936)
	at org.apache.catalina.core.StandardEngineValve.invoke(StandardEngineValve.java:118)
	at org.apache.catalina.connector.CoyoteAdapter.service(CoyoteAdapter.java:407)
	at org.apache.coyote.http11.AbstractHttp11Processor.process(AbstractHttp11Processor.java:1004)
	at org.apache.coyote.AbstractProtocol$AbstractConnectionHandler.process(AbstractProtocol.java:589)
	at org.apache.tomcat.util.net.JIoEndpoint$SocketProcessor.run(JIoEndpoint.java:312)
	at java.util.concurrent.ThreadPoolExecutor.runWorker(ThreadPoolExecutor.java:1142)
	at java.util.concurrent.ThreadPoolExecutor$Worker.run(ThreadPoolExecutor.java:617)
	at java.lang.Thread.run(Thread.java:745)

Jan 29, 2016 7:43:08 PM org.apache.catalina.core.ApplicationDispatcher invoke
SEVERE: Servlet.service() for servlet jsp threw exception
java.lang.InstantiationException: bean automobili not found within scope
	at org.apache.jsp.listaVozila_jsp._jspService(listaVozila_jsp.java:80)
	at org.apache.jasper.runtime.HttpJspBase.service(HttpJspBase.java:70)
	at javax.servlet.http.HttpServlet.service(HttpServlet.java:728)
	at org.apache.jasper.servlet.JspServletWrapper.service(JspServletWrapper.java:432)
	at org.apache.jasper.servlet.JspServlet.serviceJspFile(JspServlet.java:390)
	at org.apache.jasper.servlet.JspServlet.service(JspServlet.java:334)
	at javax.servlet.http.HttpServlet.service(HttpServlet.java:728)
	at org.apache.catalina.core.ApplicationFilterChain.internalDoFilter(ApplicationFilterChain.java:305)
	at org.apache.catalina.core.ApplicationFilterChain.doFilter(ApplicationFilterChain.java:210)
	at org.apache.catalina.core.ApplicationDispatcher.invoke(ApplicationDispatcher.java:749)
	at org.apache.catalina.core.ApplicationDispatcher.processRequest(ApplicationDispatcher.java:487)
	at org.apache.catalina.core.ApplicationDispatcher.doForward(ApplicationDispatcher.java:412)
	at org.apache.catalina.core.ApplicationDispatcher.forward(ApplicationDispatcher.java:339)
	at rs.ac.uns.ftn.informatika.RS13.IspitniProjekat.server.servlet.ReadControllerAutomobili.doGet(ReadControllerAutomobili.java:42)
	at javax.servlet.http.HttpServlet.service(HttpServlet.java:621)
	at javax.servlet.http.HttpServlet.service(HttpServlet.java:728)
	at org.apache.catalina.core.ApplicationFilterChain.internalDoFilter(ApplicationFilterChain.java:305)
	at org.apache.catalina.core.ApplicationFilterChain.doFilter(ApplicationFilterChain.java:210)
	at org.apache.catalina.core.StandardWrapperValve.invoke(StandardWrapperValve.java:222)
	at org.apache.catalina.core.StandardContextValve.invoke(StandardContextValve.java:123)
	at org.apache.tomee.catalina.OpenEJBValve.invoke(OpenEJBValve.java:45)
	at org.apache.catalina.authenticator.AuthenticatorBase.invoke(AuthenticatorBase.java:472)
	at org.apache.catalina.core.StandardHostValve.invoke(StandardHostValve.java:171)
	at org.apache.catalina.valves.ErrorReportValve.invoke(ErrorReportValve.java:99)
	at org.apache.catalina.valves.AccessLogValve.invoke(AccessLogValve.java:936)
	at org.apache.catalina.core.StandardEngineValve.invoke(StandardEngineValve.java:118)
	at org.apache.catalina.connector.CoyoteAdapter.service(CoyoteAdapter.java:407)
	at org.apache.coyote.http11.AbstractHttp11Processor.process(AbstractHttp11Processor.java:1004)
	at org.apache.coyote.AbstractProtocol$AbstractConnectionHandler.process(AbstractProtocol.java:589)
	at org.apache.tomcat.util.net.JIoEndpoint$SocketProcessor.run(JIoEndpoint.java:312)
	at java.util.concurrent.ThreadPoolExecutor.runWorker(ThreadPoolExecutor.java:1142)
	at java.util.concurrent.ThreadPoolExecutor$Worker.run(ThreadPoolExecutor.java:617)
	at java.lang.Thread.run(Thread.java:745)

Jan 29, 2016 7:43:08 PM org.apache.catalina.core.StandardWrapperValve invoke
SEVERE: Servlet.service() for servlet [ReadControllerAutomobili] in context with path [/Project] threw exception [java.lang.InstantiationException: bean automobili not found within scope] with root cause
java.lang.InstantiationException: bean automobili not found within scope
	at org.apache.jsp.listaVozila_jsp._jspService(listaVozila_jsp.java:80)
	at org.apache.jasper.runtime.HttpJspBase.service(HttpJspBase.java:70)
	at javax.servlet.http.HttpServlet.service(HttpServlet.java:728)
	at org.apache.jasper.servlet.JspServletWrapper.service(JspServletWrapper.java:432)
	at org.apache.jasper.servlet.JspServlet.serviceJspFile(JspServlet.java:390)
	at org.apache.jasper.servlet.JspServlet.service(JspServlet.java:334)
	at javax.servlet.http.HttpServlet.service(HttpServlet.java:728)
	at org.apache.catalina.core.ApplicationFilterChain.internalDoFilter(ApplicationFilterChain.java:305)
	at org.apache.catalina.core.ApplicationFilterChain.doFilter(ApplicationFilterChain.java:210)
	at org.apache.catalina.core.ApplicationDispatcher.invoke(ApplicationDispatcher.java:749)
	at org.apache.catalina.core.ApplicationDispatcher.processRequest(ApplicationDispatcher.java:487)
	at org.apache.catalina.core.ApplicationDispatcher.doForward(ApplicationDispatcher.java:412)
	at org.apache.catalina.core.ApplicationDispatcher.forward(ApplicationDispatcher.java:339)
	at rs.ac.uns.ftn.informatika.RS13.IspitniProjekat.server.servlet.ReadControllerAutomobili.doGet(ReadControllerAutomobili.java:42)
	at javax.servlet.http.HttpServlet.service(HttpServlet.java:621)
	at javax.servlet.http.HttpServlet.service(HttpServlet.java:728)
	at org.apache.catalina.core.ApplicationFilterChain.internalDoFilter(ApplicationFilterChain.java:305)
	at org.apache.catalina.core.ApplicationFilterChain.doFilter(ApplicationFilterChain.java:210)
	at org.apache.catalina.core.StandardWrapperValve.invoke(StandardWrapperValve.java:222)
	at org.apache.catalina.core.StandardContextValve.invoke(StandardContextValve.java:123)
	at org.apache.tomee.catalina.OpenEJBValve.invoke(OpenEJBValve.java:45)
	at org.apache.catalina.authenticator.AuthenticatorBase.invoke(AuthenticatorBase.java:472)
	at org.apache.catalina.core.StandardHostValve.invoke(StandardHostValve.java:171)
	at org.apache.catalina.valves.ErrorReportValve.invoke(ErrorReportValve.java:99)
	at org.apache.catalina.valves.AccessLogValve.invoke(AccessLogValve.java:936)
	at org.apache.catalina.core.StandardEngineValve.invoke(StandardEngineValve.java:118)
	at org.apache.catalina.connector.CoyoteAdapter.service(CoyoteAdapter.java:407)
	at org.apache.coyote.http11.AbstractHttp11Processor.process(AbstractHttp11Processor.java:1004)
	at org.apache.coyote.AbstractProtocol$AbstractConnectionHandler.process(AbstractProtocol.java:589)
	at org.apache.tomcat.util.net.JIoEndpoint$SocketProcessor.run(JIoEndpoint.java:312)
	at java.util.concurrent.ThreadPoolExecutor.runWorker(ThreadPoolExecutor.java:1142)
	at java.util.concurrent.ThreadPoolExecutor$Worker.run(ThreadPoolExecutor.java:617)
	at java.lang.Thread.run(Thread.java:745)

Jan 29, 2016 7:43:08 PM org.apache.catalina.core.ApplicationDispatcher invoke
SEVERE: Servlet.service() for servlet jsp threw exception
javax.el.PropertyNotFoundException: Property 'nazivProizvodjaca' not found on type rs.ac.uns.ftn.informatika.RS13.IspitniProjekat.server.entity.Category
	at javax.el.BeanELResolver$BeanProperties.get(BeanELResolver.java:195)
	at javax.el.BeanELResolver$BeanProperties.access$400(BeanELResolver.java:172)
	at javax.el.BeanELResolver.property(BeanELResolver.java:281)
	at javax.el.BeanELResolver.getValue(BeanELResolver.java:62)
	at org.apache.jasper.el.JasperELResolver.getValue(JasperELResolver.java:104)
	at org.apache.el.parser.AstValue.getValue(AstValue.java:183)
	at org.apache.el.ValueExpressionImpl.getValue(ValueExpressionImpl.java:185)
	at org.apache.jasper.runtime.PageContextImpl.proprietaryEvaluate(PageContextImpl.java:1026)
	at org.apache.jsp.listaProizvodjaca_jsp._jspx_meth_c_005fforEach_005f0(listaProizvodjaca_jsp.java:428)
	at org.apache.jsp.listaProizvodjaca_jsp._jspService(listaProizvodjaca_jsp.java:160)
	at org.apache.jasper.runtime.HttpJspBase.service(HttpJspBase.java:70)
	at javax.servlet.http.HttpServlet.service(HttpServlet.java:728)
	at org.apache.jasper.servlet.JspServletWrapper.service(JspServletWrapper.java:432)
	at org.apache.jasper.servlet.JspServlet.serviceJspFile(JspServlet.java:390)
	at org.apache.jasper.servlet.JspServlet.service(JspServlet.java:334)
	at javax.servlet.http.HttpServlet.service(HttpServlet.java:728)
	at org.apache.catalina.core.ApplicationFilterChain.internalDoFilter(ApplicationFilterChain.java:305)
	at org.apache.catalina.core.ApplicationFilterChain.doFilter(ApplicationFilterChain.java:210)
	at org.apache.catalina.core.ApplicationDispatcher.invoke(ApplicationDispatcher.java:749)
	at org.apache.catalina.core.ApplicationDispatcher.processRequest(ApplicationDispatcher.java:487)
	at org.apache.catalina.core.ApplicationDispatcher.doForward(ApplicationDispatcher.java:412)
	at org.apache.catalina.core.ApplicationDispatcher.forward(ApplicationDispatcher.java:339)
	at rs.ac.uns.ftn.informatika.RS13.IspitniProjekat.server.servlet.PrepareReadControllerProizvodjac.doGet(PrepareReadControllerProizvodjac.java:27)
	at javax.servlet.http.HttpServlet.service(HttpServlet.java:621)
	at javax.servlet.http.HttpServlet.service(HttpServlet.java:728)
	at org.apache.catalina.core.ApplicationFilterChain.internalDoFilter(ApplicationFilterChain.java:305)
	at org.apache.catalina.core.ApplicationFilterChain.doFilter(ApplicationFilterChain.java:210)
	at org.apache.catalina.core.StandardWrapperValve.invoke(StandardWrapperValve.java:222)
	at org.apache.catalina.core.StandardContextValve.invoke(StandardContextValve.java:123)
	at org.apache.tomee.catalina.OpenEJBValve.invoke(OpenEJBValve.java:45)
	at org.apache.catalina.authenticator.AuthenticatorBase.invoke(AuthenticatorBase.java:472)
	at org.apache.catalina.core.StandardHostValve.invoke(StandardHostValve.java:171)
	at org.apache.catalina.valves.ErrorReportValve.invoke(ErrorReportValve.java:99)
	at org.apache.catalina.valves.AccessLogValve.invoke(AccessLogValve.java:936)
	at org.apache.catalina.core.StandardEngineValve.invoke(StandardEngineValve.java:118)
	at org.apache.catalina.connector.CoyoteAdapter.service(CoyoteAdapter.java:407)
	at org.apache.coyote.http11.AbstractHttp11Processor.process(AbstractHttp11Processor.java:1004)
	at org.apache.coyote.AbstractProtocol$AbstractConnectionHandler.process(AbstractProtocol.java:589)
	at org.apache.tomcat.util.net.JIoEndpoint$SocketProcessor.run(JIoEndpoint.java:312)
	at java.util.concurrent.ThreadPoolExecutor.runWorker(ThreadPoolExecutor.java:1142)
	at java.util.concurrent.ThreadPoolExecutor$Worker.run(ThreadPoolExecutor.java:617)
	at java.lang.Thread.run(Thread.java:745)

Jan 29, 2016 7:43:08 PM org.apache.catalina.core.StandardWrapperValve invoke
SEVERE: Servlet.service() for servlet [PrepareReadControllerProizvodjac] in context with path [/Project] threw exception [javax.el.PropertyNotFoundException: Property 'nazivProizvodjaca' not found on type rs.ac.uns.ftn.informatika.RS13.IspitniProjekat.server.entity.Category] with root cause
javax.el.PropertyNotFoundException: Property 'nazivProizvodjaca' not found on type rs.ac.uns.ftn.informatika.RS13.IspitniProjekat.server.entity.Category
	at javax.el.BeanELResolver$BeanProperties.get(BeanELResolver.java:195)
	at javax.el.BeanELResolver$BeanProperties.access$400(BeanELResolver.java:172)
	at javax.el.BeanELResolver.property(BeanELResolver.java:281)
	at javax.el.BeanELResolver.getValue(BeanELResolver.java:62)
	at org.apache.jasper.el.JasperELResolver.getValue(JasperELResolver.java:104)
	at org.apache.el.parser.AstValue.getValue(AstValue.java:183)
	at org.apache.el.ValueExpressionImpl.getValue(ValueExpressionImpl.java:185)
	at org.apache.jasper.runtime.PageContextImpl.proprietaryEvaluate(PageContextImpl.java:1026)
	at org.apache.jsp.listaProizvodjaca_jsp._jspx_meth_c_005fforEach_005f0(listaProizvodjaca_jsp.java:428)
	at org.apache.jsp.listaProizvodjaca_jsp._jspService(listaProizvodjaca_jsp.java:160)
	at org.apache.jasper.runtime.HttpJspBase.service(HttpJspBase.java:70)
	at javax.servlet.http.HttpServlet.service(HttpServlet.java:728)
	at org.apache.jasper.servlet.JspServletWrapper.service(JspServletWrapper.java:432)
	at org.apache.jasper.servlet.JspServlet.serviceJspFile(JspServlet.java:390)
	at org.apache.jasper.servlet.JspServlet.service(JspServlet.java:334)
	at javax.servlet.http.HttpServlet.service(HttpServlet.java:728)
	at org.apache.catalina.core.ApplicationFilterChain.internalDoFilter(ApplicationFilterChain.java:305)
	at org.apache.catalina.core.ApplicationFilterChain.doFilter(ApplicationFilterChain.java:210)
	at org.apache.catalina.core.ApplicationDispatcher.invoke(ApplicationDispatcher.java:749)
	at org.apache.catalina.core.ApplicationDispatcher.processRequest(ApplicationDispatcher.java:487)
	at org.apache.catalina.core.ApplicationDispatcher.doForward(ApplicationDispatcher.java:412)
	at org.apache.catalina.core.ApplicationDispatcher.forward(ApplicationDispatcher.java:339)
	at rs.ac.uns.ftn.informatika.RS13.IspitniProjekat.server.servlet.PrepareReadControllerProizvodjac.doGet(PrepareReadControllerProizvodjac.java:27)
	at javax.servlet.http.HttpServlet.service(HttpServlet.java:621)
	at javax.servlet.http.HttpServlet.service(HttpServlet.java:728)
	at org.apache.catalina.core.ApplicationFilterChain.internalDoFilter(ApplicationFilterChain.java:305)
	at org.apache.catalina.core.ApplicationFilterChain.doFilter(ApplicationFilterChain.java:210)
	at org.apache.catalina.core.StandardWrapperValve.invoke(StandardWrapperValve.java:222)
	at org.apache.catalina.core.StandardContextValve.invoke(StandardContextValve.java:123)
	at org.apache.tomee.catalina.OpenEJBValve.invoke(OpenEJBValve.java:45)
	at org.apache.catalina.authenticator.AuthenticatorBase.invoke(AuthenticatorBase.java:472)
	at org.apache.catalina.core.StandardHostValve.invoke(StandardHostValve.java:171)
	at org.apache.catalina.valves.ErrorReportValve.invoke(ErrorReportValve.java:99)
	at org.apache.catalina.valves.AccessLogValve.invoke(AccessLogValve.java:936)
	at org.apache.catalina.core.StandardEngineValve.invoke(StandardEngineValve.java:118)
	at org.apache.catalina.connector.CoyoteAdapter.service(CoyoteAdapter.java:407)
	at org.apache.coyote.http11.AbstractHttp11Processor.process(AbstractHttp11Processor.java:1004)
	at org.apache.coyote.AbstractProtocol$AbstractConnectionHandler.process(AbstractProtocol.java:589)
	at org.apache.tomcat.util.net.JIoEndpoint$SocketProcessor.run(JIoEndpoint.java:312)
	at java.util.concurrent.ThreadPoolExecutor.runWorker(ThreadPoolExecutor.java:1142)
	at java.util.concurrent.ThreadPoolExecutor$Worker.run(ThreadPoolExecutor.java:617)
	at java.lang.Thread.run(Thread.java:745)

